<?xml version="1.0" encoding="UTF-8"?>
<testng-results ignored="0" total="1" passed="1" failed="0" skipped="0">
  <reporter-output>
  </reporter-output>
  <suite started-at="2024-01-08T06:42:28 MST" name="Default suite" finished-at="2024-01-08T06:42:28 MST" duration-ms="89">
    <groups>
    </groups>
    <test started-at="2024-01-08T06:42:28 MST" name="Default test" finished-at="2024-01-08T06:42:28 MST" duration-ms="89">
      <class name="PS1">
        <test-method is-config="true" signature="beforeRun()[pri:0, instance:PS1@14028087]" started-at="2024-01-08T06:42:28 MST" name="beforeRun" finished-at="2024-01-08T06:42:28 MST" duration-ms="7" status="PASS">
          <reporter-output>
          </reporter-output>
        </test-method> <!-- beforeRun -->
        <test-method signature="testRun()[pri:0, instance:PS1@14028087]" started-at="2024-01-08T06:42:28 MST" name="testRun" finished-at="2024-01-08T06:42:28 MST" duration-ms="7" status="PASS">
          <reporter-output>
          </reporter-output>
        </test-method> <!-- testRun -->
        <test-method is-config="true" signature="afterRun()[pri:0, instance:PS1@14028087]" started-at="2024-01-08T06:42:28 MST" name="afterRun" finished-at="2024-01-08T06:42:28 MST" duration-ms="1" status="PASS">
          <reporter-output>
          </reporter-output>
        </test-method> <!-- afterRun -->
      </class> <!-- PS1 -->
    </test> <!-- Default test -->
  </suite> <!-- Default suite -->
</testng-results>
